Arguments: 
  C:\Program Files\nodejs\node.exe C:\Users\pGautaraju\AppData\Roaming\npm\node_modules\yarn\bin\yarn.js add node

PATH: 
  C:\Users\pGautaraju\AppData\Roaming\npm;C:\Program Files\nodejs\;C:\WINDOWS\system32;C:\WINDOWS;C:\WINDOWS\System32\Wbem;C:\WINDOWS\System32\WindowsPowerShell\v1.0\;C:\Program Files\Microsoft SQL Server\130\Tools\Binn\;C:\Program Files\dotnet\;C:\Program Files\nodejs\;C:\Program Files (x86)\Microsoft SQL Server\Client SDK\ODBC\130\Tools\Binn\;C:\Program Files (x86)\Microsoft SQL Server\140\Tools\Binn\;C:\Program Files (x86)\Microsoft SQL Server\140\DTS\Binn\;C:\Program Files (x86)\Microsoft SQL Server\140\Tools\Binn\ManagementStudio\;C:\Program Files\Git\cmd;C:\Users\pGautaraju\AppData\Local\Microsoft\WindowsApps;C:\Program Files\Microsoft VS Code\bin

Yarn version: 
  1.5.1

Node version: 
  8.4.0

Platform: 
  win32 x64

npm manifest: 
  {
    "name": "angular2-registration-login-example-cli",
    "version": "0.0.0",
    "license": "MIT",
    "scripts": {
      "ng": "ng",
      "start": "ng serve",
      "build": "ng build",
      "test": "ng test",
      "lint": "ng lint",
      "e2e": "ng e2e"
    },
    "private": true,
    "dependencies": {
      "@angular/animations": "^5.0.0",
      "@angular/common": "^5.0.0",
      "@angular/compiler": "^5.0.0",
      "@angular/core": "^5.0.0",
      "@angular/forms": "^5.0.0",
      "@angular/platform-browser": "^5.0.0",
      "@angular/platform-browser-dynamic": "^5.0.0",
      "@angular/router": "^5.0.0",
      "core-js": "^2.4.1",
      "rxjs": "^5.5.2",
      "zone.js": "^0.8.14"
    },
    "devDependencies": {
      "@angular/cli": "1.5.4",
      "@angular/compiler-cli": "^5.0.0",
      "@angular/language-service": "^5.0.0",
      "@types/jasmine": "~2.5.53",
      "@types/jasminewd2": "~2.0.2",
      "@types/node": "~6.0.60",
      "codelyzer": "^4.0.1",
      "jasmine-core": "~2.6.2",
      "jasmine-spec-reporter": "~4.1.0",
      "karma": "~1.7.0",
      "karma-chrome-launcher": "~2.1.1",
      "karma-cli": "~1.0.1",
      "karma-coverage-istanbul-reporter": "^1.2.1",
      "karma-jasmine": "~1.1.0",
      "karma-jasmine-html-reporter": "^0.2.2",
      "protractor": "~5.1.2",
      "ts-node": "~3.2.0",
      "tslint": "~5.7.0",
      "typescript": "~2.4.2",
      "@angular-devkit/core": "0.4.7"
    }
  }

yarn manifest: 
  No manifest

Lockfile: 
  No lockfile

Trace: 
  Error: Found incompatible module
      at new MessageError (C:\Users\pGautaraju\AppData\Roaming\npm\node_modules\yarn\lib\cli.js:186:110)
      at checkOne (C:\Users\pGautaraju\AppData\Roaming\npm\node_modules\yarn\lib\cli.js:62444:11)
      at Object.check (C:\Users\pGautaraju\AppData\Roaming\npm\node_modules\yarn\lib\cli.js:62463:5)
      at C:\Users\pGautaraju\AppData\Roaming\npm\node_modules\yarn\lib\cli.js:22803:73
      at Generator.next (<anonymous>)
      at step (C:\Users\pGautaraju\AppData\Roaming\npm\node_modules\yarn\lib\cli.js:98:30)
      at C:\Users\pGautaraju\AppData\Roaming\npm\node_modules\yarn\lib\cli.js:109:13
      at <anonymous>
